Terminals unused in grammar

   kFILE
   kIN
   kLABEL
   kNIL
   cFALSE
   cTRUE
   cMAXINT
   cBOOLEAN
   tINTEGER
   tCHAR
   tREAL
   tBOOLEAN
   tTEXT
   fABS
   fSQR
   fSQRT
   cvBOOLEAN
   cvINT
   cvPOINTER
   cvREAL
   pWRITE
   pWRITELN
   pREAD
   pREADLN
   oQUOTE
   oARROW


状态 29 conflicts: 2 shift/reduce
状态 270 conflicts: 1 shift/reduce
状态 285 conflicts: 1 shift/reduce


语法

    0 $accept: program $end

    1 program: first_act_at_prog program_head sub_program oDOT

    2 first_act_at_prog: %empty

    3 program_head: kPROGRAM yNAME oSEMI
    4             | error oSEMI

    5 $@1: %empty

    6 sub_program: routine_head $@1 routine_body

    7 name_list: name_list oCOMMA yNAME
    8          | yNAME
    9          | yNAME error oSEMI
   10          | yNAME error oCOMMA

   11 sub_routine: routine_head routine_body

   12 routine_head: const_part type_part var_part routine_part

   13 const_part: %empty
   14           | kCONST const_expr_list

   15 const_expr_list: const_expr_list yNAME oEQUAL const_value oSEMI
   16                | yNAME oEQUAL const_value oSEMI

   17 const_value: cINTEGER
   18            | cREAL
   19            | cCHAR
   20            | cSTRING
   21            | SYS_CON

   22 type_part: %empty
   23          | kTYPE type_decl_list

   24 type_decl_list: type_decl_list type_definition
   25               | type_definition

   26 type_definition: yNAME oEQUAL type_decl oSEMI

   27 type_decl: simple_type_decl
   28          | array_type_decl
   29          | record_type_decl

   30 array_type_decl: kARRAY oLB simple_type_decl oRB kOF type_decl

   31 record_type_decl: kRECORD field_decl_list kEND

   32 field_decl_list: field_decl_list field_decl
   33                | field_decl

   34 field_decl: name_list oCOLON type_decl oSEMI

   35 simple_type_decl: SYS_TYPE
   36                 | yNAME
   37                 | oLP name_list oRP
   38                 | const_value oDOTDOT const_value
   39                 | oMINUS const_value oDOTDOT const_value
   40                 | oMINUS const_value oDOTDOT oMINUS const_value
   41                 | yNAME oDOTDOT yNAME

   42 var_part: %empty
   43         | kVAR var_decl_list

   44 var_decl_list: var_decl_list var_decl
   45              | var_decl

   46 var_decl: name_list oCOLON type_decl oSEMI

   47 routine_part: %empty
   48             | routine_part function_decl
   49             | routine_part procedure_decl
   50             | function_decl
   51             | procedure_decl

   52 function_decl: function_head oSEMI sub_routine oSEMI

   53 $@2: %empty

   54 function_head: kFUNCTION $@2 yNAME parameters oCOLON simple_type_decl

   55 procedure_decl: procedure_head oSEMI sub_routine oSEMI

   56 $@3: %empty

   57 procedure_head: kPROCEDURE $@3 yNAME parameters

   58 parameters: %empty
   59           | oLP para_decl_list oRP

   60 para_decl_list: para_decl_list oSEMI para_type_list
   61               | para_type_list

   62 para_type_list: val_para_list oCOLON simple_type_decl
   63               | var_para_list oCOLON simple_type_decl

   64 val_para_list: name_list

   65 var_para_list: kVAR name_list

   66 routine_body: compound_stmt

   67 stmt_list: %empty
   68          | stmt_list stmt oSEMI
   69          | stmt_list error oSEMI

   70 stmt: %empty
   71     | assign_stmt
   72     | routine_stmt
   73     | compound_stmt
   74     | if_stmt
   75     | repeat_stmt
   76     | while_stmt
   77     | for_stmt
   78     | case_stmt

   79 assign_stmt: yNAME oASSIGN expression

   80 $@4: %empty

   81 $@5: %empty

   82 assign_stmt: yNAME oLB $@4 expression oRB $@5 oASSIGN expression

   83 $@6: %empty

   84 assign_stmt: yNAME oDOT yNAME $@6 oASSIGN expression

   85 $@7: %empty

   86 routine_stmt: yNAME $@7 oLP args_list oRP
   87             | SYS_FUNCT
   88             | SYS_PROC

   89 $@8: %empty

   90 routine_stmt: SYS_FUNCT $@8 oLP args_list oRP

   91 $@9: %empty

   92 routine_stmt: SYS_PROC $@9 oLP args_list oRP
   93             | SYS_READ oLP factor oRP

   94 $@10: %empty

   95 compound_stmt: kBEGIN $@10 stmt_list kEND

   96 $@11: %empty

   97 $@12: %empty

   98 $@13: %empty

   99 if_stmt: kIF $@11 expression kTHEN $@12 stmt $@13 else_clause

  100 $@14: %empty

  101 $@15: %empty

  102 if_stmt: kIF error $@14 kTHEN $@15 stmt else_clause

  103 else_clause: %empty
  104            | kELSE stmt

  105 $@16: %empty

  106 repeat_stmt: kREPEAT $@16 stmt kUNTIL expression

  107 $@17: %empty

  108 $@18: %empty

  109 while_stmt: kWHILE $@17 expression kDO $@18 stmt

  110 $@19: %empty

  111 $@20: %empty

  112 for_stmt: kFOR yNAME oASSIGN expression $@19 direction expression kDO $@20 stmt

  113 direction: kTO
  114          | kDOWNTO

  115 $@21: %empty

  116 $@22: %empty

  117 case_stmt: kCASE $@21 expression kOF case_expr_list $@22 kEND

  118 case_expr_list: case_expr_list case_expr
  119               | case_expr

  120 $@23: %empty

  121 $@24: %empty

  122 case_expr: const_value $@23 oCOLON stmt $@24 oSEMI

  123 $@25: %empty

  124 $@26: %empty

  125 case_expr: yNAME $@25 oCOLON stmt $@26 oSEMI

  126 expression: expression oGE expr
  127           | expression oGT expr
  128           | expression oLE expr
  129           | expression oLT expr
  130           | expression oEQUAL expr
  131           | expression oUNEQU expr
  132           | expr

  133 expr: expr oPLUS term
  134     | expr oMINUS term
  135     | expr kOR term
  136     | term

  137 term: term oMUL factor
  138     | term oDIV factor
  139     | term kDIV factor
  140     | term kMOD factor
  141     | term kAND factor
  142     | factor

  143 factor: yNAME

  144 $@27: %empty

  145 factor: yNAME $@27 oLP args_list oRP
  146       | SYS_FUNCT

  147 $@28: %empty

  148 factor: SYS_FUNCT $@28 oLP args_list oRP
  149       | const_value
  150       | oLP expression oRP
  151       | kNOT factor
  152       | oMINUS factor
  153       | TYPE_CONVERT factor

  154 $@29: %empty

  155 factor: yNAME oLB $@29 expression oRB
  156       | yNAME oDOT yNAME

  157 args_list: %empty
  158          | args_list oCOMMA expression
  159          | expression


Terminals, with rules where they appear

$end (0) 0
error (256) 4 9 10 69 102
kAND (258) 141
kARRAY (259) 30
kBEGIN (260) 95
kCASE (261) 117
kCONST (262) 14
kDIV (263) 139
kDO (264) 109 112
kDOWNTO (265) 114
kELSE (266) 104
kEND (267) 31 95 117
kFILE (268)
kFOR (269) 112
kFUNCTION (270) 54
kIF (271) 99 102
kIN (272)
kLABEL (273)
kMOD (274) 140
kNIL (275)
kNOT (276) 151
kOF (277) 30 117
kOR (278) 135
kPROCEDURE (279) 57
kPROGRAM (280) 3
kRECORD (281) 31
kREPEAT (282) 106
kTHEN (283) 99 102
kTO (284) 113
kTYPE (285) 23
kUNTIL (286) 106
kVAR (287) 43 65
kWHILE (288) 109
SYS_CON (289) 21
cFALSE (290)
cTRUE (291)
cMAXINT (292)
cSTRING (293) 20
cINTEGER (294) 17
cREAL (295) 18
cCHAR (296) 19
cBOOLEAN (297)
SYS_TYPE (298) 35
tINTEGER (299)
tCHAR (300)
tREAL (301)
tBOOLEAN (302)
tTEXT (303)
SYS_FUNCT (304) 87 90 146 148
fABS (305)
fSQR (306)
fSQRT (307)
SYS_PROC (308) 88 92
SYS_READ (309) 93
TYPE_CONVERT (310) 153
cvBOOLEAN (311)
cvINT (312)
cvPOINTER (313)
cvREAL (314)
pWRITE (315)
pWRITELN (316)
pREAD (317)
pREADLN (318)
oPLUS (319) 133
oMINUS (320) 39 40 134 152
oMUL (321) 137
oDIV (322) 138
oEQUAL (323) 15 16 26 130
oASSIGN (324) 79 82 84 112
oUNEQU (325) 131
oLT (326) 129
oLE (327) 128
oGT (328) 127
oGE (329) 126
oCOMMA (330) 7 10 158
oSEMI (331) 3 4 9 15 16 26 34 46 52 55 60 68 69 122 125
oCOLON (332) 34 46 54 62 63 122 125
oQUOTE (333)
oDOT (334) 1 84 156
oDOTDOT (335) 38 39 40 41
oARROW (336)
oLP (337) 37 59 86 90 92 93 145 148 150
oRP (338) 37 59 86 90 92 93 145 148 150
oLB (339) 30 82 155
oRB (340) 30 82 155
yNAME (341) 3 7 8 9 10 15 16 26 36 41 54 57 79 82 84 86 112 125 143
    145 155 156


Nonterminals, with rules where they appear

$accept (87)
    左： 0
program (88)
    左： 1, 右： 0
first_act_at_prog (89)
    左： 2, 右： 1
program_head (90)
    左： 3 4, 右： 1
sub_program (91)
    左： 6, 右： 1
$@1 (92)
    左： 5, 右： 6
name_list (93)
    左： 7 8 9 10, 右： 7 34 37 46 64 65
sub_routine (94)
    左： 11, 右： 52 55
routine_head (95)
    左： 12, 右： 6 11
const_part (96)
    左： 13 14, 右： 12
const_expr_list (97)
    左： 15 16, 右： 14 15
const_value (98)
    左： 17 18 19 20 21, 右： 15 16 38 39 40 122 149
type_part (99)
    左： 22 23, 右： 12
type_decl_list (100)
    左： 24 25, 右： 23 24
type_definition (101)
    左： 26, 右： 24 25
type_decl (102)
    左： 27 28 29, 右： 26 30 34 46
array_type_decl (103)
    左： 30, 右： 28
record_type_decl (104)
    左： 31, 右： 29
field_decl_list (105)
    左： 32 33, 右： 31 32
field_decl (106)
    左： 34, 右： 32 33
simple_type_decl (107)
    左： 35 36 37 38 39 40 41, 右： 27 30 54 62 63
var_part (108)
    左： 42 43, 右： 12
var_decl_list (109)
    左： 44 45, 右： 43 44
var_decl (110)
    左： 46, 右： 44 45
routine_part (111)
    左： 47 48 49 50 51, 右： 12 48 49
function_decl (112)
    左： 52, 右： 48 50
function_head (113)
    左： 54, 右： 52
$@2 (114)
    左： 53, 右： 54
procedure_decl (115)
    左： 55, 右： 49 51
procedure_head (116)
    左： 57, 右： 55
$@3 (117)
    左： 56, 右： 57
parameters (118)
    左： 58 59, 右： 54 57
para_decl_list (119)
    左： 60 61, 右： 59 60
para_type_list (120)
    左： 62 63, 右： 60 61
val_para_list (121)
    左： 64, 右： 62
var_para_list (122)
    左： 65, 右： 63
routine_body (123)
    左： 66, 右： 6 11
stmt_list (124)
    左： 67 68 69, 右： 68 69 95
stmt (125)
    左： 70 71 72 73 74 75 76 77 78, 右： 68 99 102 104 106 109
    112 122 125
assign_stmt (126)
    左： 79 82 84, 右： 71
$@4 (127)
    左： 80, 右： 82
$@5 (128)
    左： 81, 右： 82
$@6 (129)
    左： 83, 右： 84
routine_stmt (130)
    左： 86 87 88 90 92 93, 右： 72
$@7 (131)
    左： 85, 右： 86
$@8 (132)
    左： 89, 右： 90
$@9 (133)
    左： 91, 右： 92
compound_stmt (134)
    左： 95, 右： 66 73
$@10 (135)
    左： 94, 右： 95
if_stmt (136)
    左： 99 102, 右： 74
$@11 (137)
    左： 96, 右： 99
$@12 (138)
    左： 97, 右： 99
$@13 (139)
    左： 98, 右： 99
$@14 (140)
    左： 100, 右： 102
$@15 (141)
    左： 101, 右： 102
else_clause (142)
    左： 103 104, 右： 99 102
repeat_stmt (143)
    左： 106, 右： 75
$@16 (144)
    左： 105, 右： 106
while_stmt (145)
    左： 109, 右： 76
$@17 (146)
    左： 107, 右： 109
$@18 (147)
    左： 108, 右： 109
for_stmt (148)
    左： 112, 右： 77
$@19 (149)
    左： 110, 右： 112
$@20 (150)
    左： 111, 右： 112
direction (151)
    左： 113 114, 右： 112
case_stmt (152)
    左： 117, 右： 78
$@21 (153)
    左： 115, 右： 117
$@22 (154)
    左： 116, 右： 117
case_expr_list (155)
    左： 118 119, 右： 117 118
case_expr (156)
    左： 122 125, 右： 118 119
$@23 (157)
    左： 120, 右： 122
$@24 (158)
    左： 121, 右： 122
$@25 (159)
    左： 123, 右： 125
$@26 (160)
    左： 124, 右： 125
expression (161)
    左： 126 127 128 129 130 131 132, 右： 79 82 84 99 106 109
    112 117 126 127 128 129 130 131 150 155 158 159
expr (162)
    左： 133 134 135 136, 右： 126 127 128 129 130 131 132 133
    134 135
term (163)
    左： 137 138 139 140 141 142, 右： 133 134 135 136 137 138
    139 140 141
factor (164)
    左： 143 145 146 148 149 150 151 152 153 155 156, 右： 93 137
    138 139 140 141 142 151 152 153
$@27 (165)
    左： 144, 右： 145
$@28 (166)
    左： 147, 右： 148
$@29 (167)
    左： 154, 右： 155
args_list (168)
    左： 157 158 159, 右： 86 90 92 145 148 158


State 0

    0 $accept: . program $end

    $default  reduce using rule 2 (first_act_at_prog)

    program            转到状态 1
    first_act_at_prog  转到状态 2


State 1

    0 $accept: program . $end

    $end  shift, and go to state 3


State 2

    1 program: first_act_at_prog . program_head sub_program oDOT

    error     shift, and go to state 4
    kPROGRAM  shift, and go to state 5

    program_head  转到状态 6


State 3

    0 $accept: program $end .

    $default  接受


State 4

    4 program_head: error . oSEMI

    oSEMI  shift, and go to state 7


State 5

    3 program_head: kPROGRAM . yNAME oSEMI

    yNAME  shift, and go to state 8


State 6

    1 program: first_act_at_prog program_head . sub_program oDOT

    kCONST  shift, and go to state 9

    $default  reduce using rule 13 (const_part)

    sub_program   转到状态 10
    routine_head  转到状态 11
    const_part    转到状态 12


State 7

    4 program_head: error oSEMI .

    $default  reduce using rule 4 (program_head)


State 8

    3 program_head: kPROGRAM yNAME . oSEMI

    oSEMI  shift, and go to state 13


State 9

   14 const_part: kCONST . const_expr_list

    yNAME  shift, and go to state 14

    const_expr_list  转到状态 15


State 10

    1 program: first_act_at_prog program_head sub_program . oDOT

    oDOT  shift, and go to state 16


State 11

    6 sub_program: routine_head . $@1 routine_body

    $default  reduce using rule 5 ($@1)

    $@1  转到状态 17


State 12

   12 routine_head: const_part . type_part var_part routine_part

    kTYPE  shift, and go to state 18

    $default  reduce using rule 22 (type_part)

    type_part  转到状态 19


State 13

    3 program_head: kPROGRAM yNAME oSEMI .

    $default  reduce using rule 3 (program_head)


State 14

   16 const_expr_list: yNAME . oEQUAL const_value oSEMI

    oEQUAL  shift, and go to state 20


State 15

   14 const_part: kCONST const_expr_list .
   15 const_expr_list: const_expr_list . yNAME oEQUAL const_value oSEMI

    yNAME  shift, and go to state 21

    $default  reduce using rule 14 (const_part)


State 16

    1 program: first_act_at_prog program_head sub_program oDOT .

    $default  reduce using rule 1 (program)


State 17

    6 sub_program: routine_head $@1 . routine_body

    kBEGIN  shift, and go to state 22

    routine_body   转到状态 23
    compound_stmt  转到状态 24


State 18

   23 type_part: kTYPE . type_decl_list

    yNAME  shift, and go to state 25

    type_decl_list   转到状态 26
    type_definition  转到状态 27


State 19

   12 routine_head: const_part type_part . var_part routine_part

    kVAR  shift, and go to state 28

    $default  reduce using rule 42 (var_part)

    var_part  转到状态 29


State 20

   16 const_expr_list: yNAME oEQUAL . const_value oSEMI

    SYS_CON   shift, and go to state 30
    cSTRING   shift, and go to state 31
    cINTEGER  shift, and go to state 32
    cREAL     shift, and go to state 33
    cCHAR     shift, and go to state 34

    const_value  转到状态 35


State 21

   15 const_expr_list: const_expr_list yNAME . oEQUAL const_value oSEMI

    oEQUAL  shift, and go to state 36


State 22

   95 compound_stmt: kBEGIN . $@10 stmt_list kEND

    $default  reduce using rule 94 ($@10)

    $@10  转到状态 37


State 23

    6 sub_program: routine_head $@1 routine_body .

    $default  reduce using rule 6 (sub_program)


State 24

   66 routine_body: compound_stmt .

    $default  reduce using rule 66 (routine_body)


State 25

   26 type_definition: yNAME . oEQUAL type_decl oSEMI

    oEQUAL  shift, and go to state 38


State 26

   23 type_part: kTYPE type_decl_list .
   24 type_decl_list: type_decl_list . type_definition

    yNAME  shift, and go to state 25

    $default  reduce using rule 23 (type_part)

    type_definition  转到状态 39


State 27

   25 type_decl_list: type_definition .

    $default  reduce using rule 25 (type_decl_list)


State 28

   43 var_part: kVAR . var_decl_list

    yNAME  shift, and go to state 40

    name_list      转到状态 41
    var_decl_list  转到状态 42
    var_decl       转到状态 43


State 29

   12 routine_head: const_part type_part var_part . routine_part

    kFUNCTION   shift, and go to state 44
    kPROCEDURE  shift, and go to state 45

    kFUNCTION   [reduce using rule 47 (routine_part)]
    kPROCEDURE  [reduce using rule 47 (routine_part)]
    $default    reduce using rule 47 (routine_part)

    routine_part    转到状态 46
    function_decl   转到状态 47
    function_head   转到状态 48
    procedure_decl  转到状态 49
    procedure_head  转到状态 50


State 30

   21 const_value: SYS_CON .

    $default  reduce using rule 21 (const_value)


State 31

   20 const_value: cSTRING .

    $default  reduce using rule 20 (const_value)


State 32

   17 const_value: cINTEGER .

    $default  reduce using rule 17 (const_value)


State 33

   18 const_value: cREAL .

    $default  reduce using rule 18 (const_value)


State 34

   19 const_value: cCHAR .

    $default  reduce using rule 19 (const_value)


State 35

   16 const_expr_list: yNAME oEQUAL const_value . oSEMI

    oSEMI  shift, and go to state 51


State 36

   15 const_expr_list: const_expr_list yNAME oEQUAL . const_value oSEMI

    SYS_CON   shift, and go to state 30
    cSTRING   shift, and go to state 31
    cINTEGER  shift, and go to state 32
    cREAL     shift, and go to state 33
    cCHAR     shift, and go to state 34

    const_value  转到状态 52


State 37

   95 compound_stmt: kBEGIN $@10 . stmt_list kEND

    $default  reduce using rule 67 (stmt_list)

    stmt_list  转到状态 53


State 38

   26 type_definition: yNAME oEQUAL . type_decl oSEMI

    kARRAY    shift, and go to state 54
    kRECORD   shift, and go to state 55
    SYS_CON   shift, and go to state 30
    cSTRING   shift, and go to state 31
    cINTEGER  shift, and go to state 32
    cREAL     shift, and go to state 33
    cCHAR     shift, and go to state 34
    SYS_TYPE  shift, and go to state 56
    oMINUS    shift, and go to state 57
    oLP       shift, and go to state 58
    yNAME     shift, and go to state 59

    const_value       转到状态 60
    type_decl         转到状态 61
    array_type_decl   转到状态 62
    record_type_decl  转到状态 63
    simple_type_decl  转到状态 64


State 39

   24 type_decl_list: type_decl_list type_definition .

    $default  reduce using rule 24 (type_decl_list)


State 40

    8 name_list: yNAME .
    9          | yNAME . error oSEMI
   10          | yNAME . error oCOMMA

    error  shift, and go to state 65

    oCOMMA  reduce using rule 8 (name_list)
    oCOLON  reduce using rule 8 (name_list)
    oRP     reduce using rule 8 (name_list)


State 41

    7 name_list: name_list . oCOMMA yNAME
   46 var_decl: name_list . oCOLON type_decl oSEMI

    oCOMMA  shift, and go to state 66
    oCOLON  shift, and go to state 67


State 42

   43 var_part: kVAR var_decl_list .
   44 var_decl_list: var_decl_list . var_decl

    yNAME  shift, and go to state 40

    $default  reduce using rule 43 (var_part)

    name_list  转到状态 41
    var_decl   转到状态 68


State 43

   45 var_decl_list: var_decl .

    $default  reduce using rule 45 (var_decl_list)


State 44

   54 function_head: kFUNCTION . $@2 yNAME parameters oCOLON simple_type_decl

    $default  reduce using rule 53 ($@2)

    $@2  转到状态 69


State 45

   57 procedure_head: kPROCEDURE . $@3 yNAME parameters

    $default  reduce using rule 56 ($@3)

    $@3  转到状态 70


State 46

   12 routine_head: const_part type_part var_part routine_part .
   48 routine_part: routine_part . function_decl
   49             | routine_part . procedure_decl

    kFUNCTION   shift, and go to state 44
    kPROCEDURE  shift, and go to state 45

    $default  reduce using rule 12 (routine_head)

    function_decl   转到状态 71
    function_head   转到状态 48
    procedure_decl  转到状态 72
    procedure_head  转到状态 50


State 47

   50 routine_part: function_decl .

    $default  reduce using rule 50 (routine_part)


State 48

   52 function_decl: function_head . oSEMI sub_routine oSEMI

    oSEMI  shift, and go to state 73


State 49

   51 routine_part: procedure_decl .

    $default  reduce using rule 51 (routine_part)


State 50

   55 procedure_decl: procedure_head . oSEMI sub_routine oSEMI

    oSEMI  shift, and go to state 74


State 51

   16 const_expr_list: yNAME oEQUAL const_value oSEMI .

    $default  reduce using rule 16 (const_expr_list)


State 52

   15 const_expr_list: const_expr_list yNAME oEQUAL const_value . oSEMI

    oSEMI  shift, and go to state 75


State 53

   68 stmt_list: stmt_list . stmt oSEMI
   69          | stmt_list . error oSEMI
   95 compound_stmt: kBEGIN $@10 stmt_list . kEND

    error      shift, and go to state 76
    kBEGIN     shift, and go to state 22
    kCASE      shift, and go to state 77
    kEND       shift, and go to state 78
    kFOR       shift, and go to state 79
    kIF        shift, and go to state 80
    kREPEAT    shift, and go to state 81
    kWHILE     shift, and go to state 82
    SYS_FUNCT  shift, and go to state 83
    SYS_PROC   shift, and go to state 84
    SYS_READ   shift, and go to state 85
    yNAME      shift, and go to state 86

    oSEMI  reduce using rule 70 (stmt)

    stmt           转到状态 87
    assign_stmt    转到状态 88
    routine_stmt   转到状态 89
    compound_stmt  转到状态 90
    if_stmt        转到状态 91
    repeat_stmt    转到状态 92
    while_stmt     转到状态 93
    for_stmt       转到状态 94
    case_stmt      转到状态 95


State 54

   30 array_type_decl: kARRAY . oLB simple_type_decl oRB kOF type_decl

    oLB  shift, and go to state 96


State 55

   31 record_type_decl: kRECORD . field_decl_list kEND

    yNAME  shift, and go to state 40

    name_list        转到状态 97
    field_decl_list  转到状态 98
    field_decl       转到状态 99


State 56

   35 simple_type_decl: SYS_TYPE .

    $default  reduce using rule 35 (simple_type_decl)


State 57

   39 simple_type_decl: oMINUS . const_value oDOTDOT const_value
   40                 | oMINUS . const_value oDOTDOT oMINUS const_value

    SYS_CON   shift, and go to state 30
    cSTRING   shift, and go to state 31
    cINTEGER  shift, and go to state 32
    cREAL     shift, and go to state 33
    cCHAR     shift, and go to state 34

    const_value  转到状态 100


State 58

   37 simple_type_decl: oLP . name_list oRP

    yNAME  shift, and go to state 40

    name_list  转到状态 101


State 59

   36 simple_type_decl: yNAME .
   41                 | yNAME . oDOTDOT yNAME

    oDOTDOT  shift, and go to state 102

    $default  reduce using rule 36 (simple_type_decl)


State 60

   38 simple_type_decl: const_value . oDOTDOT const_value

    oDOTDOT  shift, and go to state 103


State 61

   26 type_definition: yNAME oEQUAL type_decl . oSEMI

    oSEMI  shift, and go to state 104


State 62

   28 type_decl: array_type_decl .

    $default  reduce using rule 28 (type_decl)


State 63

   29 type_decl: record_type_decl .

    $default  reduce using rule 29 (type_decl)


State 64

   27 type_decl: simple_type_decl .

    $default  reduce using rule 27 (type_decl)


State 65

    9 name_list: yNAME error . oSEMI
   10          | yNAME error . oCOMMA

    oCOMMA  shift, and go to state 105
    oSEMI   shift, and go to state 106


State 66

    7 name_list: name_list oCOMMA . yNAME

    yNAME  shift, and go to state 107


State 67

   46 var_decl: name_list oCOLON . type_decl oSEMI

    kARRAY    shift, and go to state 54
    kRECORD   shift, and go to state 55
    SYS_CON   shift, and go to state 30
    cSTRING   shift, and go to state 31
    cINTEGER  shift, and go to state 32
    cREAL     shift, and go to state 33
    cCHAR     shift, and go to state 34
    SYS_TYPE  shift, and go to state 56
    oMINUS    shift, and go to state 57
    oLP       shift, and go to state 58
    yNAME     shift, and go to state 59

    const_value       转到状态 60
    type_decl         转到状态 108
    array_type_decl   转到状态 62
    record_type_decl  转到状态 63
    simple_type_decl  转到状态 64


State 68

   44 var_decl_list: var_decl_list var_decl .

    $default  reduce using rule 44 (var_decl_list)


State 69

   54 function_head: kFUNCTION $@2 . yNAME parameters oCOLON simple_type_decl

    yNAME  shift, and go to state 109


State 70

   57 procedure_head: kPROCEDURE $@3 . yNAME parameters

    yNAME  shift, and go to state 110


State 71

   48 routine_part: routine_part function_decl .

    $default  reduce using rule 48 (routine_part)


State 72

   49 routine_part: routine_part procedure_decl .

    $default  reduce using rule 49 (routine_part)


State 73

   52 function_decl: function_head oSEMI . sub_routine oSEMI

    kCONST  shift, and go to state 9

    $default  reduce using rule 13 (const_part)

    sub_routine   转到状态 111
    routine_head  转到状态 112
    const_part    转到状态 12


State 74

   55 procedure_decl: procedure_head oSEMI . sub_routine oSEMI

    kCONST  shift, and go to state 9

    $default  reduce using rule 13 (const_part)

    sub_routine   转到状态 113
    routine_head  转到状态 112
    const_part    转到状态 12


State 75

   15 const_expr_list: const_expr_list yNAME oEQUAL const_value oSEMI .

    $default  reduce using rule 15 (const_expr_list)


State 76

   69 stmt_list: stmt_list error . oSEMI

    oSEMI  shift, and go to state 114


State 77

  117 case_stmt: kCASE . $@21 expression kOF case_expr_list $@22 kEND

    $default  reduce using rule 115 ($@21)

    $@21  转到状态 115


State 78

   95 compound_stmt: kBEGIN $@10 stmt_list kEND .

    $default  reduce using rule 95 (compound_stmt)


State 79

  112 for_stmt: kFOR . yNAME oASSIGN expression $@19 direction expression kDO $@20 stmt

    yNAME  shift, and go to state 116


State 80

   99 if_stmt: kIF . $@11 expression kTHEN $@12 stmt $@13 else_clause
  102        | kIF . error $@14 kTHEN $@15 stmt else_clause

    error  shift, and go to state 117

    kNOT          reduce using rule 96 ($@11)
    SYS_CON       reduce using rule 96 ($@11)
    cSTRING       reduce using rule 96 ($@11)
    cINTEGER      reduce using rule 96 ($@11)
    cREAL         reduce using rule 96 ($@11)
    cCHAR         reduce using rule 96 ($@11)
    SYS_FUNCT     reduce using rule 96 ($@11)
    TYPE_CONVERT  reduce using rule 96 ($@11)
    oMINUS        reduce using rule 96 ($@11)
    oLP           reduce using rule 96 ($@11)
    yNAME         reduce using rule 96 ($@11)

    $@11  转到状态 118


State 81

  106 repeat_stmt: kREPEAT . $@16 stmt kUNTIL expression

    $default  reduce using rule 105 ($@16)

    $@16  转到状态 119


State 82

  109 while_stmt: kWHILE . $@17 expression kDO $@18 stmt

    $default  reduce using rule 107 ($@17)

    $@17  转到状态 120


State 83

   87 routine_stmt: SYS_FUNCT .
   90             | SYS_FUNCT . $@8 oLP args_list oRP

    oLP       reduce using rule 89 ($@8)
    $default  reduce using rule 87 (routine_stmt)

    $@8  转到状态 121


State 84

   88 routine_stmt: SYS_PROC .
   92             | SYS_PROC . $@9 oLP args_list oRP

    oLP       reduce using rule 91 ($@9)
    $default  reduce using rule 88 (routine_stmt)

    $@9  转到状态 122


State 85

   93 routine_stmt: SYS_READ . oLP factor oRP

    oLP  shift, and go to state 123


State 86

   79 assign_stmt: yNAME . oASSIGN expression
   82            | yNAME . oLB $@4 expression oRB $@5 oASSIGN expression
   84            | yNAME . oDOT yNAME $@6 oASSIGN expression
   86 routine_stmt: yNAME . $@7 oLP args_list oRP

    oASSIGN  shift, and go to state 124
    oDOT     shift, and go to state 125
    oLB      shift, and go to state 126

    $default  reduce using rule 85 ($@7)

    $@7  转到状态 127


State 87

   68 stmt_list: stmt_list stmt . oSEMI

    oSEMI  shift, and go to state 128


State 88

   71 stmt: assign_stmt .

    $default  reduce using rule 71 (stmt)


State 89

   72 stmt: routine_stmt .

    $default  reduce using rule 72 (stmt)


State 90

   73 stmt: compound_stmt .

    $default  reduce using rule 73 (stmt)


State 91

   74 stmt: if_stmt .

    $default  reduce using rule 74 (stmt)


State 92

   75 stmt: repeat_stmt .

    $default  reduce using rule 75 (stmt)


State 93

   76 stmt: while_stmt .

    $default  reduce using rule 76 (stmt)


State 94

   77 stmt: for_stmt .

    $default  reduce using rule 77 (stmt)


State 95

   78 stmt: case_stmt .

    $default  reduce using rule 78 (stmt)


State 96

   30 array_type_decl: kARRAY oLB . simple_type_decl oRB kOF type_decl

    SYS_CON   shift, and go to state 30
    cSTRING   shift, and go to state 31
    cINTEGER  shift, and go to state 32
    cREAL     shift, and go to state 33
    cCHAR     shift, and go to state 34
    SYS_TYPE  shift, and go to state 56
    oMINUS    shift, and go to state 57
    oLP       shift, and go to state 58
    yNAME     shift, and go to state 59

    const_value       转到状态 60
    simple_type_decl  转到状态 129


State 97

    7 name_list: name_list . oCOMMA yNAME
   34 field_decl: name_list . oCOLON type_decl oSEMI

    oCOMMA  shift, and go to state 66
    oCOLON  shift, and go to state 130


State 98

   31 record_type_decl: kRECORD field_decl_list . kEND
   32 field_decl_list: field_decl_list . field_decl

    kEND   shift, and go to state 131
    yNAME  shift, and go to state 40

    name_list   转到状态 97
    field_decl  转到状态 132


State 99

   33 field_decl_list: field_decl .

    $default  reduce using rule 33 (field_decl_list)


State 100

   39 simple_type_decl: oMINUS const_value . oDOTDOT const_value
   40                 | oMINUS const_value . oDOTDOT oMINUS const_value

    oDOTDOT  shift, and go to state 133


State 101

    7 name_list: name_list . oCOMMA yNAME
   37 simple_type_decl: oLP name_list . oRP

    oCOMMA  shift, and go to state 66
    oRP     shift, and go to state 134


State 102

   41 simple_type_decl: yNAME oDOTDOT . yNAME

    yNAME  shift, and go to state 135


State 103

   38 simple_type_decl: const_value oDOTDOT . const_value

    SYS_CON   shift, and go to state 30
    cSTRING   shift, and go to state 31
    cINTEGER  shift, and go to state 32
    cREAL     shift, and go to state 33
    cCHAR     shift, and go to state 34

    const_value  转到状态 136


State 104

   26 type_definition: yNAME oEQUAL type_decl oSEMI .

    $default  reduce using rule 26 (type_definition)


State 105

   10 name_list: yNAME error oCOMMA .

    $default  reduce using rule 10 (name_list)


State 106

    9 name_list: yNAME error oSEMI .

    $default  reduce using rule 9 (name_list)


State 107

    7 name_list: name_list oCOMMA yNAME .

    $default  reduce using rule 7 (name_list)


State 108

   46 var_decl: name_list oCOLON type_decl . oSEMI

    oSEMI  shift, and go to state 137


State 109

   54 function_head: kFUNCTION $@2 yNAME . parameters oCOLON simple_type_decl

    oLP  shift, and go to state 138

    $default  reduce using rule 58 (parameters)

    parameters  转到状态 139


State 110

   57 procedure_head: kPROCEDURE $@3 yNAME . parameters

    oLP  shift, and go to state 138

    $default  reduce using rule 58 (parameters)

    parameters  转到状态 140


State 111

   52 function_decl: function_head oSEMI sub_routine . oSEMI

    oSEMI  shift, and go to state 141


State 112

   11 sub_routine: routine_head . routine_body

    kBEGIN  shift, and go to state 22

    routine_body   转到状态 142
    compound_stmt  转到状态 24


State 113

   55 procedure_decl: procedure_head oSEMI sub_routine . oSEMI

    oSEMI  shift, and go to state 143


State 114

   69 stmt_list: stmt_list error oSEMI .

    $default  reduce using rule 69 (stmt_list)


State 115

  117 case_stmt: kCASE $@21 . expression kOF case_expr_list $@22 kEND

    kNOT          shift, and go to state 144
    SYS_CON       shift, and go to state 30
    cSTRING       shift, and go to state 31
    cINTEGER      shift, and go to state 32
    cREAL         shift, and go to state 33
    cCHAR         shift, and go to state 34
    SYS_FUNCT     shift, and go to state 145
    TYPE_CONVERT  shift, and go to state 146
    oMINUS        shift, and go to state 147
    oLP           shift, and go to state 148
    yNAME         shift, and go to state 149

    const_value  转到状态 150
    expression   转到状态 151
    expr         转到状态 152
    term         转到状态 153
    factor       转到状态 154


State 116

  112 for_stmt: kFOR yNAME . oASSIGN expression $@19 direction expression kDO $@20 stmt

    oASSIGN  shift, and go to state 155


State 117

  102 if_stmt: kIF error . $@14 kTHEN $@15 stmt else_clause

    $default  reduce using rule 100 ($@14)

    $@14  转到状态 156


State 118

   99 if_stmt: kIF $@11 . expression kTHEN $@12 stmt $@13 else_clause

    kNOT          shift, and go to state 144
    SYS_CON       shift, and go to state 30
    cSTRING       shift, and go to state 31
    cINTEGER      shift, and go to state 32
    cREAL         shift, and go to state 33
    cCHAR         shift, and go to state 34
    SYS_FUNCT     shift, and go to state 145
    TYPE_CONVERT  shift, and go to state 146
    oMINUS        shift, and go to state 147
    oLP           shift, and go to state 148
    yNAME         shift, and go to state 149

    const_value  转到状态 150
    expression   转到状态 157
    expr         转到状态 152
    term         转到状态 153
    factor       转到状态 154


State 119

  106 repeat_stmt: kREPEAT $@16 . stmt kUNTIL expression

    kBEGIN     shift, and go to state 22
    kCASE      shift, and go to state 77
    kFOR       shift, and go to state 79
    kIF        shift, and go to state 80
    kREPEAT    shift, and go to state 81
    kWHILE     shift, and go to state 82
    SYS_FUNCT  shift, and go to state 83
    SYS_PROC   shift, and go to state 84
    SYS_READ   shift, and go to state 85
    yNAME      shift, and go to state 86

    $default  reduce using rule 70 (stmt)

    stmt           转到状态 158
    assign_stmt    转到状态 88
    routine_stmt   转到状态 89
    compound_stmt  转到状态 90
    if_stmt        转到状态 91
    repeat_stmt    转到状态 92
    while_stmt     转到状态 93
    for_stmt       转到状态 94
    case_stmt      转到状态 95


State 120

  109 while_stmt: kWHILE $@17 . expression kDO $@18 stmt

    kNOT          shift, and go to state 144
    SYS_CON       shift, and go to state 30
    cSTRING       shift, and go to state 31
    cINTEGER      shift, and go to state 32
    cREAL         shift, and go to state 33
    cCHAR         shift, and go to state 34
    SYS_FUNCT     shift, and go to state 145
    TYPE_CONVERT  shift, and go to state 146
    oMINUS        shift, and go to state 147
    oLP           shift, and go to state 148
    yNAME         shift, and go to state 149

    const_value  转到状态 150
    expression   转到状态 159
    expr         转到状态 152
    term         转到状态 153
    factor       转到状态 154


State 121

   90 routine_stmt: SYS_FUNCT $@8 . oLP args_list oRP

    oLP  shift, and go to state 160


State 122

   92 routine_stmt: SYS_PROC $@9 . oLP args_list oRP

    oLP  shift, and go to state 161


State 123

   93 routine_stmt: SYS_READ oLP . factor oRP

    kNOT          shift, and go to state 144
    SYS_CON       shift, and go to state 30
    cSTRING       shift, and go to state 31
    cINTEGER      shift, and go to state 32
    cREAL         shift, and go to state 33
    cCHAR         shift, and go to state 34
    SYS_FUNCT     shift, and go to state 145
    TYPE_CONVERT  shift, and go to state 146
    oMINUS        shift, and go to state 147
    oLP           shift, and go to state 148
    yNAME         shift, and go to state 149

    const_value  转到状态 150
    factor       转到状态 162


State 124

   79 assign_stmt: yNAME oASSIGN . expression

    kNOT          shift, and go to state 144
    SYS_CON       shift, and go to state 30
    cSTRING       shift, and go to state 31
    cINTEGER      shift, and go to state 32
    cREAL         shift, and go to state 33
    cCHAR         shift, and go to state 34
    SYS_FUNCT     shift, and go to state 145
    TYPE_CONVERT  shift, and go to state 146
    oMINUS        shift, and go to state 147
    oLP           shift, and go to state 148
    yNAME         shift, and go to state 149

    const_value  转到状态 150
    expression   转到状态 163
    expr         转到状态 152
    term         转到状态 153
    factor       转到状态 154


State 125

   84 assign_stmt: yNAME oDOT . yNAME $@6 oASSIGN expression

    yNAME  shift, and go to state 164


State 126

   82 assign_stmt: yNAME oLB . $@4 expression oRB $@5 oASSIGN expression

    $default  reduce using rule 80 ($@4)

    $@4  转到状态 165


State 127

   86 routine_stmt: yNAME $@7 . oLP args_list oRP

    oLP  shift, and go to state 166


State 128

   68 stmt_list: stmt_list stmt oSEMI .

    $default  reduce using rule 68 (stmt_list)


State 129

   30 array_type_decl: kARRAY oLB simple_type_decl . oRB kOF type_decl

    oRB  shift, and go to state 167


State 130

   34 field_decl: name_list oCOLON . type_decl oSEMI

    kARRAY    shift, and go to state 54
    kRECORD   shift, and go to state 55
    SYS_CON   shift, and go to state 30
    cSTRING   shift, and go to state 31
    cINTEGER  shift, and go to state 32
    cREAL     shift, and go to state 33
    cCHAR     shift, and go to state 34
    SYS_TYPE  shift, and go to state 56
    oMINUS    shift, and go to state 57
    oLP       shift, and go to state 58
    yNAME     shift, and go to state 59

    const_value       转到状态 60
    type_decl         转到状态 168
    array_type_decl   转到状态 62
    record_type_decl  转到状态 63
    simple_type_decl  转到状态 64


State 131

   31 record_type_decl: kRECORD field_decl_list kEND .

    $default  reduce using rule 31 (record_type_decl)


State 132

   32 field_decl_list: field_decl_list field_decl .

    $default  reduce using rule 32 (field_decl_list)


State 133

   39 simple_type_decl: oMINUS const_value oDOTDOT . const_value
   40                 | oMINUS const_value oDOTDOT . oMINUS const_value

    SYS_CON   shift, and go to state 30
    cSTRING   shift, and go to state 31
    cINTEGER  shift, and go to state 32
    cREAL     shift, and go to state 33
    cCHAR     shift, and go to state 34
    oMINUS    shift, and go to state 169

    const_value  转到状态 170


State 134

   37 simple_type_decl: oLP name_list oRP .

    $default  reduce using rule 37 (simple_type_decl)


State 135

   41 simple_type_decl: yNAME oDOTDOT yNAME .

    $default  reduce using rule 41 (simple_type_decl)


State 136

   38 simple_type_decl: const_value oDOTDOT const_value .

    $default  reduce using rule 38 (simple_type_decl)


State 137

   46 var_decl: name_list oCOLON type_decl oSEMI .

    $default  reduce using rule 46 (var_decl)


State 138

   59 parameters: oLP . para_decl_list oRP

    kVAR   shift, and go to state 171
    yNAME  shift, and go to state 40

    name_list       转到状态 172
    para_decl_list  转到状态 173
    para_type_list  转到状态 174
    val_para_list   转到状态 175
    var_para_list   转到状态 176


State 139

   54 function_head: kFUNCTION $@2 yNAME parameters . oCOLON simple_type_decl

    oCOLON  shift, and go to state 177


State 140

   57 procedure_head: kPROCEDURE $@3 yNAME parameters .

    $default  reduce using rule 57 (procedure_head)


State 141

   52 function_decl: function_head oSEMI sub_routine oSEMI .

    $default  reduce using rule 52 (function_decl)


State 142

   11 sub_routine: routine_head routine_body .

    $default  reduce using rule 11 (sub_routine)


State 143

   55 procedure_decl: procedure_head oSEMI sub_routine oSEMI .

    $default  reduce using rule 55 (procedure_decl)


State 144

  151 factor: kNOT . factor

    kNOT          shift, and go to state 144
    SYS_CON       shift, and go to state 30
    cSTRING       shift, and go to state 31
    cINTEGER      shift, and go to state 32
    cREAL         shift, and go to state 33
    cCHAR         shift, and go to state 34
    SYS_FUNCT     shift, and go to state 145
    TYPE_CONVERT  shift, and go to state 146
    oMINUS        shift, and go to state 147
    oLP           shift, and go to state 148
    yNAME         shift, and go to state 149

    const_value  转到状态 150
    factor       转到状态 178


State 145

  146 factor: SYS_FUNCT .
  148       | SYS_FUNCT . $@28 oLP args_list oRP

    oLP       reduce using rule 147 ($@28)
    $default  reduce using rule 146 (factor)

    $@28  转到状态 179


State 146

  153 factor: TYPE_CONVERT . factor

    kNOT          shift, and go to state 144
    SYS_CON       shift, and go to state 30
    cSTRING       shift, and go to state 31
    cINTEGER      shift, and go to state 32
    cREAL         shift, and go to state 33
    cCHAR         shift, and go to state 34
    SYS_FUNCT     shift, and go to state 145
    TYPE_CONVERT  shift, and go to state 146
    oMINUS        shift, and go to state 147
    oLP           shift, and go to state 148
    yNAME         shift, and go to state 149

    const_value  转到状态 150
    factor       转到状态 180


State 147

  152 factor: oMINUS . factor

    kNOT          shift, and go to state 144
    SYS_CON       shift, and go to state 30
    cSTRING       shift, and go to state 31
    cINTEGER      shift, and go to state 32
    cREAL         shift, and go to state 33
    cCHAR         shift, and go to state 34
    SYS_FUNCT     shift, and go to state 145
    TYPE_CONVERT  shift, and go to state 146
    oMINUS        shift, and go to state 147
    oLP           shift, and go to state 148
    yNAME         shift, and go to state 149

    const_value  转到状态 150
    factor       转到状态 181


State 148

  150 factor: oLP . expression oRP

    kNOT          shift, and go to state 144
    SYS_CON       shift, and go to state 30
    cSTRING       shift, and go to state 31
    cINTEGER      shift, and go to state 32
    cREAL         shift, and go to state 33
    cCHAR         shift, and go to state 34
    SYS_FUNCT     shift, and go to state 145
    TYPE_CONVERT  shift, and go to state 146
    oMINUS        shift, and go to state 147
    oLP           shift, and go to state 148
    yNAME         shift, and go to state 149

    const_value  转到状态 150
    expression   转到状态 182
    expr         转到状态 152
    term         转到状态 153
    factor       转到状态 154


State 149

  143 factor: yNAME .
  145       | yNAME . $@27 oLP args_list oRP
  155       | yNAME . oLB $@29 expression oRB
  156       | yNAME . oDOT yNAME

    oDOT  shift, and go to state 183
    oLB   shift, and go to state 184

    oLP       reduce using rule 144 ($@27)
    $default  reduce using rule 143 (factor)

    $@27  转到状态 185


State 150

  149 factor: const_value .

    $default  reduce using rule 149 (factor)


State 151

  117 case_stmt: kCASE $@21 expression . kOF case_expr_list $@22 kEND
  126 expression: expression . oGE expr
  127           | expression . oGT expr
  128           | expression . oLE expr
  129           | expression . oLT expr
  130           | expression . oEQUAL expr
  131           | expression . oUNEQU expr

    kOF     shift, and go to state 186
    oEQUAL  shift, and go to state 187
    oUNEQU  shift, and go to state 188
    oLT     shift, and go to state 189
    oLE     shift, and go to state 190
    oGT     shift, and go to state 191
    oGE     shift, and go to state 192


State 152

  132 expression: expr .
  133 expr: expr . oPLUS term
  134     | expr . oMINUS term
  135     | expr . kOR term

    kOR     shift, and go to state 193
    oPLUS   shift, and go to state 194
    oMINUS  shift, and go to state 195

    $default  reduce using rule 132 (expression)


State 153

  136 expr: term .
  137 term: term . oMUL factor
  138     | term . oDIV factor
  139     | term . kDIV factor
  140     | term . kMOD factor
  141     | term . kAND factor

    kAND  shift, and go to state 196
    kDIV  shift, and go to state 197
    kMOD  shift, and go to state 198
    oMUL  shift, and go to state 199
    oDIV  shift, and go to state 200

    $default  reduce using rule 136 (expr)


State 154

  142 term: factor .

    $default  reduce using rule 142 (term)


State 155

  112 for_stmt: kFOR yNAME oASSIGN . expression $@19 direction expression kDO $@20 stmt

    kNOT          shift, and go to state 144
    SYS_CON       shift, and go to state 30
    cSTRING       shift, and go to state 31
    cINTEGER      shift, and go to state 32
    cREAL         shift, and go to state 33
    cCHAR         shift, and go to state 34
    SYS_FUNCT     shift, and go to state 145
    TYPE_CONVERT  shift, and go to state 146
    oMINUS        shift, and go to state 147
    oLP           shift, and go to state 148
    yNAME         shift, and go to state 149

    const_value  转到状态 150
    expression   转到状态 201
    expr         转到状态 152
    term         转到状态 153
    factor       转到状态 154


State 156

  102 if_stmt: kIF error $@14 . kTHEN $@15 stmt else_clause

    kTHEN  shift, and go to state 202


State 157

   99 if_stmt: kIF $@11 expression . kTHEN $@12 stmt $@13 else_clause
  126 expression: expression . oGE expr
  127           | expression . oGT expr
  128           | expression . oLE expr
  129           | expression . oLT expr
  130           | expression . oEQUAL expr
  131           | expression . oUNEQU expr

    kTHEN   shift, and go to state 203
    oEQUAL  shift, and go to state 187
    oUNEQU  shift, and go to state 188
    oLT     shift, and go to state 189
    oLE     shift, and go to state 190
    oGT     shift, and go to state 191
    oGE     shift, and go to state 192


State 158

  106 repeat_stmt: kREPEAT $@16 stmt . kUNTIL expression

    kUNTIL  shift, and go to state 204


State 159

  109 while_stmt: kWHILE $@17 expression . kDO $@18 stmt
  126 expression: expression . oGE expr
  127           | expression . oGT expr
  128           | expression . oLE expr
  129           | expression . oLT expr
  130           | expression . oEQUAL expr
  131           | expression . oUNEQU expr

    kDO     shift, and go to state 205
    oEQUAL  shift, and go to state 187
    oUNEQU  shift, and go to state 188
    oLT     shift, and go to state 189
    oLE     shift, and go to state 190
    oGT     shift, and go to state 191
    oGE     shift, and go to state 192


State 160

   90 routine_stmt: SYS_FUNCT $@8 oLP . args_list oRP

    kNOT          shift, and go to state 144
    SYS_CON       shift, and go to state 30
    cSTRING       shift, and go to state 31
    cINTEGER      shift, and go to state 32
    cREAL         shift, and go to state 33
    cCHAR         shift, and go to state 34
    SYS_FUNCT     shift, and go to state 145
    TYPE_CONVERT  shift, and go to state 146
    oMINUS        shift, and go to state 147
    oLP           shift, and go to state 148
    yNAME         shift, and go to state 149

    $default  reduce using rule 157 (args_list)

    const_value  转到状态 150
    expression   转到状态 206
    expr         转到状态 152
    term         转到状态 153
    factor       转到状态 154
    args_list    转到状态 207


State 161

   92 routine_stmt: SYS_PROC $@9 oLP . args_list oRP

    kNOT          shift, and go to state 144
    SYS_CON       shift, and go to state 30
    cSTRING       shift, and go to state 31
    cINTEGER      shift, and go to state 32
    cREAL         shift, and go to state 33
    cCHAR         shift, and go to state 34
    SYS_FUNCT     shift, and go to state 145
    TYPE_CONVERT  shift, and go to state 146
    oMINUS        shift, and go to state 147
    oLP           shift, and go to state 148
    yNAME         shift, and go to state 149

    $default  reduce using rule 157 (args_list)

    const_value  转到状态 150
    expression   转到状态 206
    expr         转到状态 152
    term         转到状态 153
    factor       转到状态 154
    args_list    转到状态 208


State 162

   93 routine_stmt: SYS_READ oLP factor . oRP

    oRP  shift, and go to state 209


State 163

   79 assign_stmt: yNAME oASSIGN expression .
  126 expression: expression . oGE expr
  127           | expression . oGT expr
  128           | expression . oLE expr
  129           | expression . oLT expr
  130           | expression . oEQUAL expr
  131           | expression . oUNEQU expr

    oEQUAL  shift, and go to state 187
    oUNEQU  shift, and go to state 188
    oLT     shift, and go to state 189
    oLE     shift, and go to state 190
    oGT     shift, and go to state 191
    oGE     shift, and go to state 192

    $default  reduce using rule 79 (assign_stmt)


State 164

   84 assign_stmt: yNAME oDOT yNAME . $@6 oASSIGN expression

    $default  reduce using rule 83 ($@6)

    $@6  转到状态 210


State 165

   82 assign_stmt: yNAME oLB $@4 . expression oRB $@5 oASSIGN expression

    kNOT          shift, and go to state 144
    SYS_CON       shift, and go to state 30
    cSTRING       shift, and go to state 31
    cINTEGER      shift, and go to state 32
    cREAL         shift, and go to state 33
    cCHAR         shift, and go to state 34
    SYS_FUNCT     shift, and go to state 145
    TYPE_CONVERT  shift, and go to state 146
    oMINUS        shift, and go to state 147
    oLP           shift, and go to state 148
    yNAME         shift, and go to state 149

    const_value  转到状态 150
    expression   转到状态 211
    expr         转到状态 152
    term         转到状态 153
    factor       转到状态 154


State 166

   86 routine_stmt: yNAME $@7 oLP . args_list oRP

    kNOT          shift, and go to state 144
    SYS_CON       shift, and go to state 30
    cSTRING       shift, and go to state 31
    cINTEGER      shift, and go to state 32
    cREAL         shift, and go to state 33
    cCHAR         shift, and go to state 34
    SYS_FUNCT     shift, and go to state 145
    TYPE_CONVERT  shift, and go to state 146
    oMINUS        shift, and go to state 147
    oLP           shift, and go to state 148
    yNAME         shift, and go to state 149

    $default  reduce using rule 157 (args_list)

    const_value  转到状态 150
    expression   转到状态 206
    expr         转到状态 152
    term         转到状态 153
    factor       转到状态 154
    args_list    转到状态 212


State 167

   30 array_type_decl: kARRAY oLB simple_type_decl oRB . kOF type_decl

    kOF  shift, and go to state 213


State 168

   34 field_decl: name_list oCOLON type_decl . oSEMI

    oSEMI  shift, and go to state 214


State 169

   40 simple_type_decl: oMINUS const_value oDOTDOT oMINUS . const_value

    SYS_CON   shift, and go to state 30
    cSTRING   shift, and go to state 31
    cINTEGER  shift, and go to state 32
    cREAL     shift, and go to state 33
    cCHAR     shift, and go to state 34

    const_value  转到状态 215


State 170

   39 simple_type_decl: oMINUS const_value oDOTDOT const_value .

    $default  reduce using rule 39 (simple_type_decl)


State 171

   65 var_para_list: kVAR . name_list

    yNAME  shift, and go to state 40

    name_list  转到状态 216


State 172

    7 name_list: name_list . oCOMMA yNAME
   64 val_para_list: name_list .

    oCOMMA  shift, and go to state 66

    $default  reduce using rule 64 (val_para_list)


State 173

   59 parameters: oLP para_decl_list . oRP
   60 para_decl_list: para_decl_list . oSEMI para_type_list

    oSEMI  shift, and go to state 217
    oRP    shift, and go to state 218


State 174

   61 para_decl_list: para_type_list .

    $default  reduce using rule 61 (para_decl_list)


State 175

   62 para_type_list: val_para_list . oCOLON simple_type_decl

    oCOLON  shift, and go to state 219


State 176

   63 para_type_list: var_para_list . oCOLON simple_type_decl

    oCOLON  shift, and go to state 220


State 177

   54 function_head: kFUNCTION $@2 yNAME parameters oCOLON . simple_type_decl

    SYS_CON   shift, and go to state 30
    cSTRING   shift, and go to state 31
    cINTEGER  shift, and go to state 32
    cREAL     shift, and go to state 33
    cCHAR     shift, and go to state 34
    SYS_TYPE  shift, and go to state 56
    oMINUS    shift, and go to state 57
    oLP       shift, and go to state 58
    yNAME     shift, and go to state 59

    const_value       转到状态 60
    simple_type_decl  转到状态 221


State 178

  151 factor: kNOT factor .

    $default  reduce using rule 151 (factor)


State 179

  148 factor: SYS_FUNCT $@28 . oLP args_list oRP

    oLP  shift, and go to state 222


State 180

  153 factor: TYPE_CONVERT factor .

    $default  reduce using rule 153 (factor)


State 181

  152 factor: oMINUS factor .

    $default  reduce using rule 152 (factor)


State 182

  126 expression: expression . oGE expr
  127           | expression . oGT expr
  128           | expression . oLE expr
  129           | expression . oLT expr
  130           | expression . oEQUAL expr
  131           | expression . oUNEQU expr
  150 factor: oLP expression . oRP

    oEQUAL  shift, and go to state 187
    oUNEQU  shift, and go to state 188
    oLT     shift, and go to state 189
    oLE     shift, and go to state 190
    oGT     shift, and go to state 191
    oGE     shift, and go to state 192
    oRP     shift, and go to state 223


State 183

  156 factor: yNAME oDOT . yNAME

    yNAME  shift, and go to state 224


State 184

  155 factor: yNAME oLB . $@29 expression oRB

    $default  reduce using rule 154 ($@29)

    $@29  转到状态 225


State 185

  145 factor: yNAME $@27 . oLP args_list oRP

    oLP  shift, and go to state 226


State 186

  117 case_stmt: kCASE $@21 expression kOF . case_expr_list $@22 kEND

    SYS_CON   shift, and go to state 30
    cSTRING   shift, and go to state 31
    cINTEGER  shift, and go to state 32
    cREAL     shift, and go to state 33
    cCHAR     shift, and go to state 34
    yNAME     shift, and go to state 227

    const_value     转到状态 228
    case_expr_list  转到状态 229
    case_expr       转到状态 230


State 187

  130 expression: expression oEQUAL . expr

    kNOT          shift, and go to state 144
    SYS_CON       shift, and go to state 30
    cSTRING       shift, and go to state 31
    cINTEGER      shift, and go to state 32
    cREAL         shift, and go to state 33
    cCHAR         shift, and go to state 34
    SYS_FUNCT     shift, and go to state 145
    TYPE_CONVERT  shift, and go to state 146
    oMINUS        shift, and go to state 147
    oLP           shift, and go to state 148
    yNAME         shift, and go to state 149

    const_value  转到状态 150
    expr         转到状态 231
    term         转到状态 153
    factor       转到状态 154


State 188

  131 expression: expression oUNEQU . expr

    kNOT          shift, and go to state 144
    SYS_CON       shift, and go to state 30
    cSTRING       shift, and go to state 31
    cINTEGER      shift, and go to state 32
    cREAL         shift, and go to state 33
    cCHAR         shift, and go to state 34
    SYS_FUNCT     shift, and go to state 145
    TYPE_CONVERT  shift, and go to state 146
    oMINUS        shift, and go to state 147
    oLP           shift, and go to state 148
    yNAME         shift, and go to state 149

    const_value  转到状态 150
    expr         转到状态 232
    term         转到状态 153
    factor       转到状态 154


State 189

  129 expression: expression oLT . expr

    kNOT          shift, and go to state 144
    SYS_CON       shift, and go to state 30
    cSTRING       shift, and go to state 31
    cINTEGER      shift, and go to state 32
    cREAL         shift, and go to state 33
    cCHAR         shift, and go to state 34
    SYS_FUNCT     shift, and go to state 145
    TYPE_CONVERT  shift, and go to state 146
    oMINUS        shift, and go to state 147
    oLP           shift, and go to state 148
    yNAME         shift, and go to state 149

    const_value  转到状态 150
    expr         转到状态 233
    term         转到状态 153
    factor       转到状态 154


State 190

  128 expression: expression oLE . expr

    kNOT          shift, and go to state 144
    SYS_CON       shift, and go to state 30
    cSTRING       shift, and go to state 31
    cINTEGER      shift, and go to state 32
    cREAL         shift, and go to state 33
    cCHAR         shift, and go to state 34
    SYS_FUNCT     shift, and go to state 145
    TYPE_CONVERT  shift, and go to state 146
    oMINUS        shift, and go to state 147
    oLP           shift, and go to state 148
    yNAME         shift, and go to state 149

    const_value  转到状态 150
    expr         转到状态 234
    term         转到状态 153
    factor       转到状态 154


State 191

  127 expression: expression oGT . expr

    kNOT          shift, and go to state 144
    SYS_CON       shift, and go to state 30
    cSTRING       shift, and go to state 31
    cINTEGER      shift, and go to state 32
    cREAL         shift, and go to state 33
    cCHAR         shift, and go to state 34
    SYS_FUNCT     shift, and go to state 145
    TYPE_CONVERT  shift, and go to state 146
    oMINUS        shift, and go to state 147
    oLP           shift, and go to state 148
    yNAME         shift, and go to state 149

    const_value  转到状态 150
    expr         转到状态 235
    term         转到状态 153
    factor       转到状态 154


State 192

  126 expression: expression oGE . expr

    kNOT          shift, and go to state 144
    SYS_CON       shift, and go to state 30
    cSTRING       shift, and go to state 31
    cINTEGER      shift, and go to state 32
    cREAL         shift, and go to state 33
    cCHAR         shift, and go to state 34
    SYS_FUNCT     shift, and go to state 145
    TYPE_CONVERT  shift, and go to state 146
    oMINUS        shift, and go to state 147
    oLP           shift, and go to state 148
    yNAME         shift, and go to state 149

    const_value  转到状态 150
    expr         转到状态 236
    term         转到状态 153
    factor       转到状态 154


State 193

  135 expr: expr kOR . term

    kNOT          shift, and go to state 144
    SYS_CON       shift, and go to state 30
    cSTRING       shift, and go to state 31
    cINTEGER      shift, and go to state 32
    cREAL         shift, and go to state 33
    cCHAR         shift, and go to state 34
    SYS_FUNCT     shift, and go to state 145
    TYPE_CONVERT  shift, and go to state 146
    oMINUS        shift, and go to state 147
    oLP           shift, and go to state 148
    yNAME         shift, and go to state 149

    const_value  转到状态 150
    term         转到状态 237
    factor       转到状态 154


State 194

  133 expr: expr oPLUS . term

    kNOT          shift, and go to state 144
    SYS_CON       shift, and go to state 30
    cSTRING       shift, and go to state 31
    cINTEGER      shift, and go to state 32
    cREAL         shift, and go to state 33
    cCHAR         shift, and go to state 34
    SYS_FUNCT     shift, and go to state 145
    TYPE_CONVERT  shift, and go to state 146
    oMINUS        shift, and go to state 147
    oLP           shift, and go to state 148
    yNAME         shift, and go to state 149

    const_value  转到状态 150
    term         转到状态 238
    factor       转到状态 154


State 195

  134 expr: expr oMINUS . term

    kNOT          shift, and go to state 144
    SYS_CON       shift, and go to state 30
    cSTRING       shift, and go to state 31
    cINTEGER      shift, and go to state 32
    cREAL         shift, and go to state 33
    cCHAR         shift, and go to state 34
    SYS_FUNCT     shift, and go to state 145
    TYPE_CONVERT  shift, and go to state 146
    oMINUS        shift, and go to state 147
    oLP           shift, and go to state 148
    yNAME         shift, and go to state 149

    const_value  转到状态 150
    term         转到状态 239
    factor       转到状态 154


State 196

  141 term: term kAND . factor

    kNOT          shift, and go to state 144
    SYS_CON       shift, and go to state 30
    cSTRING       shift, and go to state 31
    cINTEGER      shift, and go to state 32
    cREAL         shift, and go to state 33
    cCHAR         shift, and go to state 34
    SYS_FUNCT     shift, and go to state 145
    TYPE_CONVERT  shift, and go to state 146
    oMINUS        shift, and go to state 147
    oLP           shift, and go to state 148
    yNAME         shift, and go to state 149

    const_value  转到状态 150
    factor       转到状态 240


State 197

  139 term: term kDIV . factor

    kNOT          shift, and go to state 144
    SYS_CON       shift, and go to state 30
    cSTRING       shift, and go to state 31
    cINTEGER      shift, and go to state 32
    cREAL         shift, and go to state 33
    cCHAR         shift, and go to state 34
    SYS_FUNCT     shift, and go to state 145
    TYPE_CONVERT  shift, and go to state 146
    oMINUS        shift, and go to state 147
    oLP           shift, and go to state 148
    yNAME         shift, and go to state 149

    const_value  转到状态 150
    factor       转到状态 241


State 198

  140 term: term kMOD . factor

    kNOT          shift, and go to state 144
    SYS_CON       shift, and go to state 30
    cSTRING       shift, and go to state 31
    cINTEGER      shift, and go to state 32
    cREAL         shift, and go to state 33
    cCHAR         shift, and go to state 34
    SYS_FUNCT     shift, and go to state 145
    TYPE_CONVERT  shift, and go to state 146
    oMINUS        shift, and go to state 147
    oLP           shift, and go to state 148
    yNAME         shift, and go to state 149

    const_value  转到状态 150
    factor       转到状态 242


State 199

  137 term: term oMUL . factor

    kNOT          shift, and go to state 144
    SYS_CON       shift, and go to state 30
    cSTRING       shift, and go to state 31
    cINTEGER      shift, and go to state 32
    cREAL         shift, and go to state 33
    cCHAR         shift, and go to state 34
    SYS_FUNCT     shift, and go to state 145
    TYPE_CONVERT  shift, and go to state 146
    oMINUS        shift, and go to state 147
    oLP           shift, and go to state 148
    yNAME         shift, and go to state 149

    const_value  转到状态 150
    factor       转到状态 243


State 200

  138 term: term oDIV . factor

    kNOT          shift, and go to state 144
    SYS_CON       shift, and go to state 30
    cSTRING       shift, and go to state 31
    cINTEGER      shift, and go to state 32
    cREAL         shift, and go to state 33
    cCHAR         shift, and go to state 34
    SYS_FUNCT     shift, and go to state 145
    TYPE_CONVERT  shift, and go to state 146
    oMINUS        shift, and go to state 147
    oLP           shift, and go to state 148
    yNAME         shift, and go to state 149

    const_value  转到状态 150
    factor       转到状态 244


State 201

  112 for_stmt: kFOR yNAME oASSIGN expression . $@19 direction expression kDO $@20 stmt
  126 expression: expression . oGE expr
  127           | expression . oGT expr
  128           | expression . oLE expr
  129           | expression . oLT expr
  130           | expression . oEQUAL expr
  131           | expression . oUNEQU expr

    oEQUAL  shift, and go to state 187
    oUNEQU  shift, and go to state 188
    oLT     shift, and go to state 189
    oLE     shift, and go to state 190
    oGT     shift, and go to state 191
    oGE     shift, and go to state 192

    $default  reduce using rule 110 ($@19)

    $@19  转到状态 245


State 202

  102 if_stmt: kIF error $@14 kTHEN . $@15 stmt else_clause

    $default  reduce using rule 101 ($@15)

    $@15  转到状态 246


State 203

   99 if_stmt: kIF $@11 expression kTHEN . $@12 stmt $@13 else_clause

    $default  reduce using rule 97 ($@12)

    $@12  转到状态 247


State 204

  106 repeat_stmt: kREPEAT $@16 stmt kUNTIL . expression

    kNOT          shift, and go to state 144
    SYS_CON       shift, and go to state 30
    cSTRING       shift, and go to state 31
    cINTEGER      shift, and go to state 32
    cREAL         shift, and go to state 33
    cCHAR         shift, and go to state 34
    SYS_FUNCT     shift, and go to state 145
    TYPE_CONVERT  shift, and go to state 146
    oMINUS        shift, and go to state 147
    oLP           shift, and go to state 148
    yNAME         shift, and go to state 149

    const_value  转到状态 150
    expression   转到状态 248
    expr         转到状态 152
    term         转到状态 153
    factor       转到状态 154


State 205

  109 while_stmt: kWHILE $@17 expression kDO . $@18 stmt

    $default  reduce using rule 108 ($@18)

    $@18  转到状态 249


State 206

  126 expression: expression . oGE expr
  127           | expression . oGT expr
  128           | expression . oLE expr
  129           | expression . oLT expr
  130           | expression . oEQUAL expr
  131           | expression . oUNEQU expr
  159 args_list: expression .

    oEQUAL  shift, and go to state 187
    oUNEQU  shift, and go to state 188
    oLT     shift, and go to state 189
    oLE     shift, and go to state 190
    oGT     shift, and go to state 191
    oGE     shift, and go to state 192

    $default  reduce using rule 159 (args_list)


State 207

   90 routine_stmt: SYS_FUNCT $@8 oLP args_list . oRP
  158 args_list: args_list . oCOMMA expression

    oCOMMA  shift, and go to state 250
    oRP     shift, and go to state 251


State 208

   92 routine_stmt: SYS_PROC $@9 oLP args_list . oRP
  158 args_list: args_list . oCOMMA expression

    oCOMMA  shift, and go to state 250
    oRP     shift, and go to state 252


State 209

   93 routine_stmt: SYS_READ oLP factor oRP .

    $default  reduce using rule 93 (routine_stmt)


State 210

   84 assign_stmt: yNAME oDOT yNAME $@6 . oASSIGN expression

    oASSIGN  shift, and go to state 253


State 211

   82 assign_stmt: yNAME oLB $@4 expression . oRB $@5 oASSIGN expression
  126 expression: expression . oGE expr
  127           | expression . oGT expr
  128           | expression . oLE expr
  129           | expression . oLT expr
  130           | expression . oEQUAL expr
  131           | expression . oUNEQU expr

    oEQUAL  shift, and go to state 187
    oUNEQU  shift, and go to state 188
    oLT     shift, and go to state 189
    oLE     shift, and go to state 190
    oGT     shift, and go to state 191
    oGE     shift, and go to state 192
    oRB     shift, and go to state 254


State 212

   86 routine_stmt: yNAME $@7 oLP args_list . oRP
  158 args_list: args_list . oCOMMA expression

    oCOMMA  shift, and go to state 250
    oRP     shift, and go to state 255


State 213

   30 array_type_decl: kARRAY oLB simple_type_decl oRB kOF . type_decl

    kARRAY    shift, and go to state 54
    kRECORD   shift, and go to state 55
    SYS_CON   shift, and go to state 30
    cSTRING   shift, and go to state 31
    cINTEGER  shift, and go to state 32
    cREAL     shift, and go to state 33
    cCHAR     shift, and go to state 34
    SYS_TYPE  shift, and go to state 56
    oMINUS    shift, and go to state 57
    oLP       shift, and go to state 58
    yNAME     shift, and go to state 59

    const_value       转到状态 60
    type_decl         转到状态 256
    array_type_decl   转到状态 62
    record_type_decl  转到状态 63
    simple_type_decl  转到状态 64


State 214

   34 field_decl: name_list oCOLON type_decl oSEMI .

    $default  reduce using rule 34 (field_decl)


State 215

   40 simple_type_decl: oMINUS const_value oDOTDOT oMINUS const_value .

    $default  reduce using rule 40 (simple_type_decl)


State 216

    7 name_list: name_list . oCOMMA yNAME
   65 var_para_list: kVAR name_list .

    oCOMMA  shift, and go to state 66

    $default  reduce using rule 65 (var_para_list)


State 217

   60 para_decl_list: para_decl_list oSEMI . para_type_list

    kVAR   shift, and go to state 171
    yNAME  shift, and go to state 40

    name_list       转到状态 172
    para_type_list  转到状态 257
    val_para_list   转到状态 175
    var_para_list   转到状态 176


State 218

   59 parameters: oLP para_decl_list oRP .

    $default  reduce using rule 59 (parameters)


State 219

   62 para_type_list: val_para_list oCOLON . simple_type_decl

    SYS_CON   shift, and go to state 30
    cSTRING   shift, and go to state 31
    cINTEGER  shift, and go to state 32
    cREAL     shift, and go to state 33
    cCHAR     shift, and go to state 34
    SYS_TYPE  shift, and go to state 56
    oMINUS    shift, and go to state 57
    oLP       shift, and go to state 58
    yNAME     shift, and go to state 59

    const_value       转到状态 60
    simple_type_decl  转到状态 258


State 220

   63 para_type_list: var_para_list oCOLON . simple_type_decl

    SYS_CON   shift, and go to state 30
    cSTRING   shift, and go to state 31
    cINTEGER  shift, and go to state 32
    cREAL     shift, and go to state 33
    cCHAR     shift, and go to state 34
    SYS_TYPE  shift, and go to state 56
    oMINUS    shift, and go to state 57
    oLP       shift, and go to state 58
    yNAME     shift, and go to state 59

    const_value       转到状态 60
    simple_type_decl  转到状态 259


State 221

   54 function_head: kFUNCTION $@2 yNAME parameters oCOLON simple_type_decl .

    $default  reduce using rule 54 (function_head)


State 222

  148 factor: SYS_FUNCT $@28 oLP . args_list oRP

    kNOT          shift, and go to state 144
    SYS_CON       shift, and go to state 30
    cSTRING       shift, and go to state 31
    cINTEGER      shift, and go to state 32
    cREAL         shift, and go to state 33
    cCHAR         shift, and go to state 34
    SYS_FUNCT     shift, and go to state 145
    TYPE_CONVERT  shift, and go to state 146
    oMINUS        shift, and go to state 147
    oLP           shift, and go to state 148
    yNAME         shift, and go to state 149

    $default  reduce using rule 157 (args_list)

    const_value  转到状态 150
    expression   转到状态 206
    expr         转到状态 152
    term         转到状态 153
    factor       转到状态 154
    args_list    转到状态 260


State 223

  150 factor: oLP expression oRP .

    $default  reduce using rule 150 (factor)


State 224

  156 factor: yNAME oDOT yNAME .

    $default  reduce using rule 156 (factor)


State 225

  155 factor: yNAME oLB $@29 . expression oRB

    kNOT          shift, and go to state 144
    SYS_CON       shift, and go to state 30
    cSTRING       shift, and go to state 31
    cINTEGER      shift, and go to state 32
    cREAL         shift, and go to state 33
    cCHAR         shift, and go to state 34
    SYS_FUNCT     shift, and go to state 145
    TYPE_CONVERT  shift, and go to state 146
    oMINUS        shift, and go to state 147
    oLP           shift, and go to state 148
    yNAME         shift, and go to state 149

    const_value  转到状态 150
    expression   转到状态 261
    expr         转到状态 152
    term         转到状态 153
    factor       转到状态 154


State 226

  145 factor: yNAME $@27 oLP . args_list oRP

    kNOT          shift, and go to state 144
    SYS_CON       shift, and go to state 30
    cSTRING       shift, and go to state 31
    cINTEGER      shift, and go to state 32
    cREAL         shift, and go to state 33
    cCHAR         shift, and go to state 34
    SYS_FUNCT     shift, and go to state 145
    TYPE_CONVERT  shift, and go to state 146
    oMINUS        shift, and go to state 147
    oLP           shift, and go to state 148
    yNAME         shift, and go to state 149

    $default  reduce using rule 157 (args_list)

    const_value  转到状态 150
    expression   转到状态 206
    expr         转到状态 152
    term         转到状态 153
    factor       转到状态 154
    args_list    转到状态 262


State 227

  125 case_expr: yNAME . $@25 oCOLON stmt $@26 oSEMI

    $default  reduce using rule 123 ($@25)

    $@25  转到状态 263


State 228

  122 case_expr: const_value . $@23 oCOLON stmt $@24 oSEMI

    $default  reduce using rule 120 ($@23)

    $@23  转到状态 264


State 229

  117 case_stmt: kCASE $@21 expression kOF case_expr_list . $@22 kEND
  118 case_expr_list: case_expr_list . case_expr

    SYS_CON   shift, and go to state 30
    cSTRING   shift, and go to state 31
    cINTEGER  shift, and go to state 32
    cREAL     shift, and go to state 33
    cCHAR     shift, and go to state 34
    yNAME     shift, and go to state 227

    $default  reduce using rule 116 ($@22)

    const_value  转到状态 228
    $@22         转到状态 265
    case_expr    转到状态 266


State 230

  119 case_expr_list: case_expr .

    $default  reduce using rule 119 (case_expr_list)


State 231

  130 expression: expression oEQUAL expr .
  133 expr: expr . oPLUS term
  134     | expr . oMINUS term
  135     | expr . kOR term

    kOR     shift, and go to state 193
    oPLUS   shift, and go to state 194
    oMINUS  shift, and go to state 195

    $default  reduce using rule 130 (expression)


State 232

  131 expression: expression oUNEQU expr .
  133 expr: expr . oPLUS term
  134     | expr . oMINUS term
  135     | expr . kOR term

    kOR     shift, and go to state 193
    oPLUS   shift, and go to state 194
    oMINUS  shift, and go to state 195

    $default  reduce using rule 131 (expression)


State 233

  129 expression: expression oLT expr .
  133 expr: expr . oPLUS term
  134     | expr . oMINUS term
  135     | expr . kOR term

    kOR     shift, and go to state 193
    oPLUS   shift, and go to state 194
    oMINUS  shift, and go to state 195

    $default  reduce using rule 129 (expression)


State 234

  128 expression: expression oLE expr .
  133 expr: expr . oPLUS term
  134     | expr . oMINUS term
  135     | expr . kOR term

    kOR     shift, and go to state 193
    oPLUS   shift, and go to state 194
    oMINUS  shift, and go to state 195

    $default  reduce using rule 128 (expression)


State 235

  127 expression: expression oGT expr .
  133 expr: expr . oPLUS term
  134     | expr . oMINUS term
  135     | expr . kOR term

    kOR     shift, and go to state 193
    oPLUS   shift, and go to state 194
    oMINUS  shift, and go to state 195

    $default  reduce using rule 127 (expression)


State 236

  126 expression: expression oGE expr .
  133 expr: expr . oPLUS term
  134     | expr . oMINUS term
  135     | expr . kOR term

    kOR     shift, and go to state 193
    oPLUS   shift, and go to state 194
    oMINUS  shift, and go to state 195

    $default  reduce using rule 126 (expression)


State 237

  135 expr: expr kOR term .
  137 term: term . oMUL factor
  138     | term . oDIV factor
  139     | term . kDIV factor
  140     | term . kMOD factor
  141     | term . kAND factor

    kAND  shift, and go to state 196
    kDIV  shift, and go to state 197
    kMOD  shift, and go to state 198
    oMUL  shift, and go to state 199
    oDIV  shift, and go to state 200

    $default  reduce using rule 135 (expr)


State 238

  133 expr: expr oPLUS term .
  137 term: term . oMUL factor
  138     | term . oDIV factor
  139     | term . kDIV factor
  140     | term . kMOD factor
  141     | term . kAND factor

    kAND  shift, and go to state 196
    kDIV  shift, and go to state 197
    kMOD  shift, and go to state 198
    oMUL  shift, and go to state 199
    oDIV  shift, and go to state 200

    $default  reduce using rule 133 (expr)


State 239

  134 expr: expr oMINUS term .
  137 term: term . oMUL factor
  138     | term . oDIV factor
  139     | term . kDIV factor
  140     | term . kMOD factor
  141     | term . kAND factor

    kAND  shift, and go to state 196
    kDIV  shift, and go to state 197
    kMOD  shift, and go to state 198
    oMUL  shift, and go to state 199
    oDIV  shift, and go to state 200

    $default  reduce using rule 134 (expr)


State 240

  141 term: term kAND factor .

    $default  reduce using rule 141 (term)


State 241

  139 term: term kDIV factor .

    $default  reduce using rule 139 (term)


State 242

  140 term: term kMOD factor .

    $default  reduce using rule 140 (term)


State 243

  137 term: term oMUL factor .

    $default  reduce using rule 137 (term)


State 244

  138 term: term oDIV factor .

    $default  reduce using rule 138 (term)


State 245

  112 for_stmt: kFOR yNAME oASSIGN expression $@19 . direction expression kDO $@20 stmt

    kDOWNTO  shift, and go to state 267
    kTO      shift, and go to state 268

    direction  转到状态 269


State 246

  102 if_stmt: kIF error $@14 kTHEN $@15 . stmt else_clause

    kBEGIN     shift, and go to state 22
    kCASE      shift, and go to state 77
    kFOR       shift, and go to state 79
    kIF        shift, and go to state 80
    kREPEAT    shift, and go to state 81
    kWHILE     shift, and go to state 82
    SYS_FUNCT  shift, and go to state 83
    SYS_PROC   shift, and go to state 84
    SYS_READ   shift, and go to state 85
    yNAME      shift, and go to state 86

    $default  reduce using rule 70 (stmt)

    stmt           转到状态 270
    assign_stmt    转到状态 88
    routine_stmt   转到状态 89
    compound_stmt  转到状态 90
    if_stmt        转到状态 91
    repeat_stmt    转到状态 92
    while_stmt     转到状态 93
    for_stmt       转到状态 94
    case_stmt      转到状态 95


State 247

   99 if_stmt: kIF $@11 expression kTHEN $@12 . stmt $@13 else_clause

    kBEGIN     shift, and go to state 22
    kCASE      shift, and go to state 77
    kFOR       shift, and go to state 79
    kIF        shift, and go to state 80
    kREPEAT    shift, and go to state 81
    kWHILE     shift, and go to state 82
    SYS_FUNCT  shift, and go to state 83
    SYS_PROC   shift, and go to state 84
    SYS_READ   shift, and go to state 85
    yNAME      shift, and go to state 86

    $default  reduce using rule 70 (stmt)

    stmt           转到状态 271
    assign_stmt    转到状态 88
    routine_stmt   转到状态 89
    compound_stmt  转到状态 90
    if_stmt        转到状态 91
    repeat_stmt    转到状态 92
    while_stmt     转到状态 93
    for_stmt       转到状态 94
    case_stmt      转到状态 95


State 248

  106 repeat_stmt: kREPEAT $@16 stmt kUNTIL expression .
  126 expression: expression . oGE expr
  127           | expression . oGT expr
  128           | expression . oLE expr
  129           | expression . oLT expr
  130           | expression . oEQUAL expr
  131           | expression . oUNEQU expr

    oEQUAL  shift, and go to state 187
    oUNEQU  shift, and go to state 188
    oLT     shift, and go to state 189
    oLE     shift, and go to state 190
    oGT     shift, and go to state 191
    oGE     shift, and go to state 192

    $default  reduce using rule 106 (repeat_stmt)


State 249

  109 while_stmt: kWHILE $@17 expression kDO $@18 . stmt

    kBEGIN     shift, and go to state 22
    kCASE      shift, and go to state 77
    kFOR       shift, and go to state 79
    kIF        shift, and go to state 80
    kREPEAT    shift, and go to state 81
    kWHILE     shift, and go to state 82
    SYS_FUNCT  shift, and go to state 83
    SYS_PROC   shift, and go to state 84
    SYS_READ   shift, and go to state 85
    yNAME      shift, and go to state 86

    $default  reduce using rule 70 (stmt)

    stmt           转到状态 272
    assign_stmt    转到状态 88
    routine_stmt   转到状态 89
    compound_stmt  转到状态 90
    if_stmt        转到状态 91
    repeat_stmt    转到状态 92
    while_stmt     转到状态 93
    for_stmt       转到状态 94
    case_stmt      转到状态 95


State 250

  158 args_list: args_list oCOMMA . expression

    kNOT          shift, and go to state 144
    SYS_CON       shift, and go to state 30
    cSTRING       shift, and go to state 31
    cINTEGER      shift, and go to state 32
    cREAL         shift, and go to state 33
    cCHAR         shift, and go to state 34
    SYS_FUNCT     shift, and go to state 145
    TYPE_CONVERT  shift, and go to state 146
    oMINUS        shift, and go to state 147
    oLP           shift, and go to state 148
    yNAME         shift, and go to state 149

    const_value  转到状态 150
    expression   转到状态 273
    expr         转到状态 152
    term         转到状态 153
    factor       转到状态 154


State 251

   90 routine_stmt: SYS_FUNCT $@8 oLP args_list oRP .

    $default  reduce using rule 90 (routine_stmt)


State 252

   92 routine_stmt: SYS_PROC $@9 oLP args_list oRP .

    $default  reduce using rule 92 (routine_stmt)


State 253

   84 assign_stmt: yNAME oDOT yNAME $@6 oASSIGN . expression

    kNOT          shift, and go to state 144
    SYS_CON       shift, and go to state 30
    cSTRING       shift, and go to state 31
    cINTEGER      shift, and go to state 32
    cREAL         shift, and go to state 33
    cCHAR         shift, and go to state 34
    SYS_FUNCT     shift, and go to state 145
    TYPE_CONVERT  shift, and go to state 146
    oMINUS        shift, and go to state 147
    oLP           shift, and go to state 148
    yNAME         shift, and go to state 149

    const_value  转到状态 150
    expression   转到状态 274
    expr         转到状态 152
    term         转到状态 153
    factor       转到状态 154


State 254

   82 assign_stmt: yNAME oLB $@4 expression oRB . $@5 oASSIGN expression

    $default  reduce using rule 81 ($@5)

    $@5  转到状态 275


State 255

   86 routine_stmt: yNAME $@7 oLP args_list oRP .

    $default  reduce using rule 86 (routine_stmt)


State 256

   30 array_type_decl: kARRAY oLB simple_type_decl oRB kOF type_decl .

    $default  reduce using rule 30 (array_type_decl)


State 257

   60 para_decl_list: para_decl_list oSEMI para_type_list .

    $default  reduce using rule 60 (para_decl_list)


State 258

   62 para_type_list: val_para_list oCOLON simple_type_decl .

    $default  reduce using rule 62 (para_type_list)


State 259

   63 para_type_list: var_para_list oCOLON simple_type_decl .

    $default  reduce using rule 63 (para_type_list)


State 260

  148 factor: SYS_FUNCT $@28 oLP args_list . oRP
  158 args_list: args_list . oCOMMA expression

    oCOMMA  shift, and go to state 250
    oRP     shift, and go to state 276


State 261

  126 expression: expression . oGE expr
  127           | expression . oGT expr
  128           | expression . oLE expr
  129           | expression . oLT expr
  130           | expression . oEQUAL expr
  131           | expression . oUNEQU expr
  155 factor: yNAME oLB $@29 expression . oRB

    oEQUAL  shift, and go to state 187
    oUNEQU  shift, and go to state 188
    oLT     shift, and go to state 189
    oLE     shift, and go to state 190
    oGT     shift, and go to state 191
    oGE     shift, and go to state 192
    oRB     shift, and go to state 277


State 262

  145 factor: yNAME $@27 oLP args_list . oRP
  158 args_list: args_list . oCOMMA expression

    oCOMMA  shift, and go to state 250
    oRP     shift, and go to state 278


State 263

  125 case_expr: yNAME $@25 . oCOLON stmt $@26 oSEMI

    oCOLON  shift, and go to state 279


State 264

  122 case_expr: const_value $@23 . oCOLON stmt $@24 oSEMI

    oCOLON  shift, and go to state 280


State 265

  117 case_stmt: kCASE $@21 expression kOF case_expr_list $@22 . kEND

    kEND  shift, and go to state 281


State 266

  118 case_expr_list: case_expr_list case_expr .

    $default  reduce using rule 118 (case_expr_list)


State 267

  114 direction: kDOWNTO .

    $default  reduce using rule 114 (direction)


State 268

  113 direction: kTO .

    $default  reduce using rule 113 (direction)


State 269

  112 for_stmt: kFOR yNAME oASSIGN expression $@19 direction . expression kDO $@20 stmt

    kNOT          shift, and go to state 144
    SYS_CON       shift, and go to state 30
    cSTRING       shift, and go to state 31
    cINTEGER      shift, and go to state 32
    cREAL         shift, and go to state 33
    cCHAR         shift, and go to state 34
    SYS_FUNCT     shift, and go to state 145
    TYPE_CONVERT  shift, and go to state 146
    oMINUS        shift, and go to state 147
    oLP           shift, and go to state 148
    yNAME         shift, and go to state 149

    const_value  转到状态 150
    expression   转到状态 282
    expr         转到状态 152
    term         转到状态 153
    factor       转到状态 154


State 270

  102 if_stmt: kIF error $@14 kTHEN $@15 stmt . else_clause

    kELSE  shift, and go to state 283

    kELSE     [reduce using rule 103 (else_clause)]
    $default  reduce using rule 103 (else_clause)

    else_clause  转到状态 284


State 271

   99 if_stmt: kIF $@11 expression kTHEN $@12 stmt . $@13 else_clause

    $default  reduce using rule 98 ($@13)

    $@13  转到状态 285


State 272

  109 while_stmt: kWHILE $@17 expression kDO $@18 stmt .

    $default  reduce using rule 109 (while_stmt)


State 273

  126 expression: expression . oGE expr
  127           | expression . oGT expr
  128           | expression . oLE expr
  129           | expression . oLT expr
  130           | expression . oEQUAL expr
  131           | expression . oUNEQU expr
  158 args_list: args_list oCOMMA expression .

    oEQUAL  shift, and go to state 187
    oUNEQU  shift, and go to state 188
    oLT     shift, and go to state 189
    oLE     shift, and go to state 190
    oGT     shift, and go to state 191
    oGE     shift, and go to state 192

    $default  reduce using rule 158 (args_list)


State 274

   84 assign_stmt: yNAME oDOT yNAME $@6 oASSIGN expression .
  126 expression: expression . oGE expr
  127           | expression . oGT expr
  128           | expression . oLE expr
  129           | expression . oLT expr
  130           | expression . oEQUAL expr
  131           | expression . oUNEQU expr

    oEQUAL  shift, and go to state 187
    oUNEQU  shift, and go to state 188
    oLT     shift, and go to state 189
    oLE     shift, and go to state 190
    oGT     shift, and go to state 191
    oGE     shift, and go to state 192

    $default  reduce using rule 84 (assign_stmt)


State 275

   82 assign_stmt: yNAME oLB $@4 expression oRB $@5 . oASSIGN expression

    oASSIGN  shift, and go to state 286


State 276

  148 factor: SYS_FUNCT $@28 oLP args_list oRP .

    $default  reduce using rule 148 (factor)


State 277

  155 factor: yNAME oLB $@29 expression oRB .

    $default  reduce using rule 155 (factor)


State 278

  145 factor: yNAME $@27 oLP args_list oRP .

    $default  reduce using rule 145 (factor)


State 279

  125 case_expr: yNAME $@25 oCOLON . stmt $@26 oSEMI

    kBEGIN     shift, and go to state 22
    kCASE      shift, and go to state 77
    kFOR       shift, and go to state 79
    kIF        shift, and go to state 80
    kREPEAT    shift, and go to state 81
    kWHILE     shift, and go to state 82
    SYS_FUNCT  shift, and go to state 83
    SYS_PROC   shift, and go to state 84
    SYS_READ   shift, and go to state 85
    yNAME      shift, and go to state 86

    $default  reduce using rule 70 (stmt)

    stmt           转到状态 287
    assign_stmt    转到状态 88
    routine_stmt   转到状态 89
    compound_stmt  转到状态 90
    if_stmt        转到状态 91
    repeat_stmt    转到状态 92
    while_stmt     转到状态 93
    for_stmt       转到状态 94
    case_stmt      转到状态 95


State 280

  122 case_expr: const_value $@23 oCOLON . stmt $@24 oSEMI

    kBEGIN     shift, and go to state 22
    kCASE      shift, and go to state 77
    kFOR       shift, and go to state 79
    kIF        shift, and go to state 80
    kREPEAT    shift, and go to state 81
    kWHILE     shift, and go to state 82
    SYS_FUNCT  shift, and go to state 83
    SYS_PROC   shift, and go to state 84
    SYS_READ   shift, and go to state 85
    yNAME      shift, and go to state 86

    $default  reduce using rule 70 (stmt)

    stmt           转到状态 288
    assign_stmt    转到状态 88
    routine_stmt   转到状态 89
    compound_stmt  转到状态 90
    if_stmt        转到状态 91
    repeat_stmt    转到状态 92
    while_stmt     转到状态 93
    for_stmt       转到状态 94
    case_stmt      转到状态 95


State 281

  117 case_stmt: kCASE $@21 expression kOF case_expr_list $@22 kEND .

    $default  reduce using rule 117 (case_stmt)


State 282

  112 for_stmt: kFOR yNAME oASSIGN expression $@19 direction expression . kDO $@20 stmt
  126 expression: expression . oGE expr
  127           | expression . oGT expr
  128           | expression . oLE expr
  129           | expression . oLT expr
  130           | expression . oEQUAL expr
  131           | expression . oUNEQU expr

    kDO     shift, and go to state 289
    oEQUAL  shift, and go to state 187
    oUNEQU  shift, and go to state 188
    oLT     shift, and go to state 189
    oLE     shift, and go to state 190
    oGT     shift, and go to state 191
    oGE     shift, and go to state 192


State 283

  104 else_clause: kELSE . stmt

    kBEGIN     shift, and go to state 22
    kCASE      shift, and go to state 77
    kFOR       shift, and go to state 79
    kIF        shift, and go to state 80
    kREPEAT    shift, and go to state 81
    kWHILE     shift, and go to state 82
    SYS_FUNCT  shift, and go to state 83
    SYS_PROC   shift, and go to state 84
    SYS_READ   shift, and go to state 85
    yNAME      shift, and go to state 86

    $default  reduce using rule 70 (stmt)

    stmt           转到状态 290
    assign_stmt    转到状态 88
    routine_stmt   转到状态 89
    compound_stmt  转到状态 90
    if_stmt        转到状态 91
    repeat_stmt    转到状态 92
    while_stmt     转到状态 93
    for_stmt       转到状态 94
    case_stmt      转到状态 95


State 284

  102 if_stmt: kIF error $@14 kTHEN $@15 stmt else_clause .

    $default  reduce using rule 102 (if_stmt)


State 285

   99 if_stmt: kIF $@11 expression kTHEN $@12 stmt $@13 . else_clause

    kELSE  shift, and go to state 283

    kELSE     [reduce using rule 103 (else_clause)]
    $default  reduce using rule 103 (else_clause)

    else_clause  转到状态 291


State 286

   82 assign_stmt: yNAME oLB $@4 expression oRB $@5 oASSIGN . expression

    kNOT          shift, and go to state 144
    SYS_CON       shift, and go to state 30
    cSTRING       shift, and go to state 31
    cINTEGER      shift, and go to state 32
    cREAL         shift, and go to state 33
    cCHAR         shift, and go to state 34
    SYS_FUNCT     shift, and go to state 145
    TYPE_CONVERT  shift, and go to state 146
    oMINUS        shift, and go to state 147
    oLP           shift, and go to state 148
    yNAME         shift, and go to state 149

    const_value  转到状态 150
    expression   转到状态 292
    expr         转到状态 152
    term         转到状态 153
    factor       转到状态 154


State 287

  125 case_expr: yNAME $@25 oCOLON stmt . $@26 oSEMI

    $default  reduce using rule 124 ($@26)

    $@26  转到状态 293


State 288

  122 case_expr: const_value $@23 oCOLON stmt . $@24 oSEMI

    $default  reduce using rule 121 ($@24)

    $@24  转到状态 294


State 289

  112 for_stmt: kFOR yNAME oASSIGN expression $@19 direction expression kDO . $@20 stmt

    $default  reduce using rule 111 ($@20)

    $@20  转到状态 295


State 290

  104 else_clause: kELSE stmt .

    $default  reduce using rule 104 (else_clause)


State 291

   99 if_stmt: kIF $@11 expression kTHEN $@12 stmt $@13 else_clause .

    $default  reduce using rule 99 (if_stmt)


State 292

   82 assign_stmt: yNAME oLB $@4 expression oRB $@5 oASSIGN expression .
  126 expression: expression . oGE expr
  127           | expression . oGT expr
  128           | expression . oLE expr
  129           | expression . oLT expr
  130           | expression . oEQUAL expr
  131           | expression . oUNEQU expr

    oEQUAL  shift, and go to state 187
    oUNEQU  shift, and go to state 188
    oLT     shift, and go to state 189
    oLE     shift, and go to state 190
    oGT     shift, and go to state 191
    oGE     shift, and go to state 192

    $default  reduce using rule 82 (assign_stmt)


State 293

  125 case_expr: yNAME $@25 oCOLON stmt $@26 . oSEMI

    oSEMI  shift, and go to state 296


State 294

  122 case_expr: const_value $@23 oCOLON stmt $@24 . oSEMI

    oSEMI  shift, and go to state 297


State 295

  112 for_stmt: kFOR yNAME oASSIGN expression $@19 direction expression kDO $@20 . stmt

    kBEGIN     shift, and go to state 22
    kCASE      shift, and go to state 77
    kFOR       shift, and go to state 79
    kIF        shift, and go to state 80
    kREPEAT    shift, and go to state 81
    kWHILE     shift, and go to state 82
    SYS_FUNCT  shift, and go to state 83
    SYS_PROC   shift, and go to state 84
    SYS_READ   shift, and go to state 85
    yNAME      shift, and go to state 86

    $default  reduce using rule 70 (stmt)

    stmt           转到状态 298
    assign_stmt    转到状态 88
    routine_stmt   转到状态 89
    compound_stmt  转到状态 90
    if_stmt        转到状态 91
    repeat_stmt    转到状态 92
    while_stmt     转到状态 93
    for_stmt       转到状态 94
    case_stmt      转到状态 95


State 296

  125 case_expr: yNAME $@25 oCOLON stmt $@26 oSEMI .

    $default  reduce using rule 125 (case_expr)


State 297

  122 case_expr: const_value $@23 oCOLON stmt $@24 oSEMI .

    $default  reduce using rule 122 (case_expr)


State 298

  112 for_stmt: kFOR yNAME oASSIGN expression $@19 direction expression kDO $@20 stmt .

    $default  reduce using rule 112 (for_stmt)
